# JRE version: Java(TM) SE Runtime Environment (8.0_51-b16) (build 1.8.0_51-b16)
# Java VM: Java HotSpot(TM) 64-Bit Server VM (25.51-b03 mixed mode windows-amd64 compressed oops)
Heap:
 PSYoungGen      total 323072K, used 151606K [0x00000000eab00000, 0x0000000100000000, 0x0000000100000000)
  eden space 306176K, 44% used [0x00000000eab00000,0x00000000f2e8fdc0,0x00000000fd600000)
  from space 16896K, 99% used [0x00000000fee00000,0x00000000ffe7db70,0x00000000ffe80000)
  to   space 21504K, 0% used [0x00000000fd600000,0x00000000fd600000,0x00000000feb00000)
 ParOldGen       total 68608K, used 49742K [0x00000000c0000000, 0x00000000c4300000, 0x00000000eab00000)
  object space 68608K, 72% used [0x00000000c0000000,0x00000000c3093878,0x00000000c4300000)
 Metaspace       used 63198K, capacity 69686K, committed 70016K, reserved 1110016K
  class space    used 8500K, capacity 10291K, committed 10368K, reserved 1048576K
GC Heap History (10 events):
Event: 10014.466 GC heap before
{Heap before GC invocations=34 (full 11):
 PSYoungGen      total 330240K, used 310272K [0x00000000eab00000, 0x0000000100000000, 0x0000000100000000)
  eden space 310272K, 100% used [0x00000000eab00000,0x00000000fda00000,0x00000000fda00000)
  from space 19968K, 0% used [0x00000000fec80000,0x00000000fec80000,0x0000000100000000)
  to   space 18944K, 0% used [0x00000000fda00000,0x00000000fda00000,0x00000000fec80000)
 ParOldGen       total 68608K, used 43062K [0x00000000c0000000, 0x00000000c4300000, 0x00000000eab00000)
  object space 68608K, 62% used [0x00000000c0000000,0x00000000c2a0daf0,0x00000000c4300000)
 Metaspace       used 54955K, capacity 59490K, committed 60160K, reserved 1101824K
  class space    used 7318K, capacity 8571K, committed 8704K, reserved 1048576K
Event: 10014.510 GC heap after
Heap after GC invocations=34 (full 11):
 PSYoungGen      total 314880K, used 4104K [0x00000000eab00000, 0x00000000ffe00000, 0x0000000100000000)
  eden space 310272K, 0% used [0x00000000eab00000,0x00000000eab00000,0x00000000fda00000)
  from space 4608K, 89% used [0x00000000fda00000,0x00000000fde023a8,0x00000000fde80000)
  to   space 18432K, 0% used [0x00000000fec00000,0x00000000fec00000,0x00000000ffe00000)
 ParOldGen       total 68608K, used 43070K [0x00000000c0000000, 0x00000000c4300000, 0x00000000eab00000)
  object space 68608K, 62% used [0x00000000c0000000,0x00000000c2a0faf0,0x00000000c4300000)
 Metaspace       used 54955K, capacity 59490K, committed 60160K, reserved 1101824K
  class space    used 7318K, capacity 8571K, committed 8704K, reserved 1048576K
}
Event: 10016.829 GC heap before
{Heap before GC invocations=35 (full 11):
 PSYoungGen      total 314880K, used 90400K [0x00000000eab00000, 0x00000000ffe00000, 0x0000000100000000)
  eden space 310272K, 27% used [0x00000000eab00000,0x00000000eff45ff8,0x00000000fda00000)
  from space 4608K, 89% used [0x00000000fda00000,0x00000000fde023a8,0x00000000fde80000)
  to   space 18432K, 0% used [0x00000000fec00000,0x00000000fec00000,0x00000000ffe00000)
 ParOldGen       total 68608K, used 43070K [0x00000000c0000000, 0x00000000c4300000, 0x00000000eab00000)
  object space 68608K, 62% used [0x00000000c0000000,0x00000000c2a0faf0,0x00000000c4300000)
 Metaspace       used 56278K, capacity 60968K, committed 61312K, reserved 1101824K
  class space    used 7453K, capacity 8752K, committed 8832K, reserved 1048576K
Event: 10016.868 GC heap after
Heap after GC invocations=35 (full 11):
 PSYoungGen      total 327680K, used 3573K [0x00000000eab00000, 0x00000000ffd00000, 0x0000000100000000)
  eden space 310272K, 0% used [0x00000000eab00000,0x00000000eab00000,0x00000000fda00000)
  from space 17408K, 20% used [0x00000000fec00000,0x00000000fef7d668,0x00000000ffd00000)
  to   space 17920K, 0% used [0x00000000fda00000,0x00000000fda00000,0x00000000feb80000)
 ParOldGen       total 68608K, used 45571K [0x00000000c0000000, 0x00000000c4300000, 0x00000000eab00000)
  object space 68608K, 66% used [0x00000000c0000000,0x00000000c2c80e60,0x00000000c4300000)
 Metaspace       used 56278K, capacity 60968K, committed 61312K, reserved 1101824K
  class space    used 7453K, capacity 8752K, committed 8832K, reserved 1048576K
}
Event: 10016.868 GC heap before
{Heap before GC invocations=36 (full 12):
 PSYoungGen      total 327680K, used 3573K [0x00000000eab00000, 0x00000000ffd00000, 0x0000000100000000)
  eden space 310272K, 0% used [0x00000000eab00000,0x00000000eab00000,0x00000000fda00000)
  from space 17408K, 20% used [0x00000000fec00000,0x00000000fef7d668,0x00000000ffd00000)
  to   space 17920K, 0% used [0x00000000fda00000,0x00000000fda00000,0x00000000feb80000)
 ParOldGen       total 68608K, used 45571K [0x00000000c0000000, 0x00000000c4300000, 0x00000000eab00000)
  object space 68608K, 66% used [0x00000000c0000000,0x00000000c2c80e60,0x00000000c4300000)
 Metaspace       used 56278K, capacity 60968K, committed 61312K, reserved 1101824K
  class space    used 7453K, capacity 8752K, committed 8832K, reserved 1048576K
Event: 10017.794 GC heap after
Heap after GC invocations=36 (full 12):
 PSYoungGen      total 327680K, used 0K [0x00000000eab00000, 0x00000000ffd00000, 0x0000000100000000)
  eden space 310272K, 0% used [0x00000000eab00000,0x00000000eab00000,0x00000000fda00000)
  from space 17408K, 0% used [0x00000000fec00000,0x00000000fec00000,0x00000000ffd00000)
  to   space 17920K, 0% used [0x00000000fda00000,0x00000000fda00000,0x00000000feb80000)
 ParOldGen       total 68608K, used 45640K [0x00000000c0000000, 0x00000000c4300000, 0x00000000eab00000)
  object space 68608K, 66% used [0x00000000c0000000,0x00000000c2c92020,0x00000000c4300000)
 Metaspace       used 56244K, capacity 60854K, committed 61312K, reserved 1101824K
  class space    used 7447K, capacity 8718K, committed 8832K, reserved 1048576K
}
Event: 10039.768 GC heap before
{Heap before GC invocations=37 (full 12):
 PSYoungGen      total 327680K, used 310272K [0x00000000eab00000, 0x00000000ffd00000, 0x0000000100000000)
  eden space 310272K, 100% used [0x00000000eab00000,0x00000000fda00000,0x00000000fda00000)
  from space 17408K, 0% used [0x00000000fec00000,0x00000000fec00000,0x00000000ffd00000)
  to   space 17920K, 0% used [0x00000000fda00000,0x00000000fda00000,0x00000000feb80000)
 ParOldGen       total 68608K, used 45640K [0x00000000c0000000, 0x00000000c4300000, 0x00000000eab00000)
  object space 68608K, 66% used [0x00000000c0000000,0x00000000c2c92020,0x00000000c4300000)
 Metaspace       used 56729K, capacity 61912K, committed 62208K, reserved 1101824K
  class space    used 7519K, capacity 8907K, committed 8960K, reserved 1048576K
Event: 10039.825 GC heap after
Heap after GC invocations=37 (full 12):
 PSYoungGen      total 328192K, used 2896K [0x00000000eab00000, 0x00000000ffe80000, 0x0000000100000000)
  eden space 310272K, 0% used [0x00000000eab00000,0x00000000eab00000,0x00000000fda00000)
  from space 17920K, 16% used [0x00000000fda00000,0x00000000fdcd4040,0x00000000feb80000)
  to   space 16896K, 0% used [0x00000000fee00000,0x00000000fee00000,0x00000000ffe80000)
 ParOldGen       total 68608K, used 45648K [0x00000000c0000000, 0x00000000c4300000, 0x00000000eab00000)
  object space 68608K, 66% used [0x00000000c0000000,0x00000000c2c94020,0x00000000c4300000)
 Metaspace       used 56729K, capacity 61912K, committed 62208K, reserved 1101824K
  class space    used 7519K, capacity 8907K, committed 8960K, reserved 1048576K
}
Event: 10363.458 GC heap before
{Heap before GC invocations=38 (full 12):
 PSYoungGen      total 328192K, used 313168K [0x00000000eab00000, 0x00000000ffe80000, 0x0000000100000000)
  eden space 310272K, 100% used [0x00000000eab00000,0x00000000fda00000,0x00000000fda00000)
  from space 17920K, 16% used [0x00000000fda00000,0x00000000fdcd4040,0x00000000feb80000)
  to   space 16896K, 0% used [0x00000000fee00000,0x00000000fee00000,0x00000000ffe80000)
 ParOldGen       total 68608K, used 45648K [0x00000000c0000000, 0x00000000c4300000, 0x00000000eab00000)
  object space 68608K, 66% used [0x00000000c0000000,0x00000000c2c94020,0x00000000c4300000)
 Metaspace       used 62157K, capacity 68482K, committed 68736K, reserved 1107968K
  class space    used 8345K, capacity 10078K, committed 10112K, reserved 1048576K
Event: 10363.547 GC heap after
Heap after GC invocations=38 (full 12):
 PSYoungGen      total 323072K, used 16886K [0x00000000eab00000, 0x0000000100000000, 0x0000000100000000)
  eden space 306176K, 0% used [0x00000000eab00000,0x00000000eab00000,0x00000000fd600000)
  from space 16896K, 99% used [0x00000000fee00000,0x00000000ffe7db70,0x00000000ffe80000)
  to   space 21504K, 0% used [0x00000000fd600000,0x00000000fd600000,0x00000000feb00000)
 ParOldGen       total 68608K, used 49742K [0x00000000c0000000, 0x00000000c4300000, 0x00000000eab00000)
  object space 68608K, 72% used [0x00000000c0000000,0x00000000c3093878,0x00000000c4300000)
 Metaspace       used 62157K, capacity 68482K, committed 68736K, reserved 1107968K
  class space    used 8345K, capacity 10078K, committed 10112K, reserved 1048576K
}

